# JRE version: OpenJDK Runtime Environment (8.0_91-b14) (build 1.8.0_91-8u91-b14-3ubuntu1~16.04.1-b14)
# Java VM: OpenJDK 64-Bit Server VM (25.91-b14 mixed mode linux-amd64 compressed oops)
Heap:
 PSYoungGen      total 2037760K, used 12251K [0x0000000580100000, 0x0000000605880000, 0x0000000800000000)
  eden space 2024448K, 0% used [0x0000000580100000,0x0000000580100000,0x00000005fba00000)
  from space 13312K, 92% used [0x0000000604b80000,0x0000000605776f48,0x0000000605880000)
  to   space 87040K, 0% used [0x00000005fba00000,0x00000005fba00000,0x0000000600f00000)
 ParOldGen       total 1398272K, used 24K [0x0000000080200000, 0x00000000d5780000, 0x0000000580100000)
  object space 1398272K, 0% used [0x0000000080200000,0x0000000080206000,0x00000000d5780000)
 Metaspace       used 2793K, capacity 4564K, committed 4864K, reserved 1056768K
  class space    used 288K, capacity 388K, committed 512K, reserved 1048576K
GC Heap History (10 events):
Event: 12.931 GC heap after
Heap after GC invocations=1 (full 0):
 PSYoungGen      total 611840K, used 12267K [0x0000000580100000, 0x00000005cac00000, 0x0000000800000000)
  eden space 524800K, 0% used [0x0000000580100000,0x0000000580100000,0x00000005a0180000)
  from space 87040K, 14% used [0x00000005a0180000,0x00000005a0d7ae28,0x00000005a5680000)
  to   space 87040K, 0% used [0x00000005c5700000,0x00000005c5700000,0x00000005cac00000)
 ParOldGen       total 1398272K, used 8K [0x0000000080200000, 0x00000000d5780000, 0x0000000580100000)
  object space 1398272K, 0% used [0x0000000080200000,0x0000000080202000,0x00000000d5780000)
 Metaspace       used 2793K, capacity 4564K, committed 4864K, reserved 1056768K
  class space    used 288K, capacity 388K, committed 512K, reserved 1048576K
}
Event: 21.726 GC heap before
{Heap before GC invocations=2 (full 0):
 PSYoungGen      total 611840K, used 537067K [0x0000000580100000, 0x00000005cac00000, 0x0000000800000000)
  eden space 524800K, 100% used [0x0000000580100000,0x00000005a0180000,0x00000005a0180000)
  from space 87040K, 14% used [0x00000005a0180000,0x00000005a0d7ae28,0x00000005a5680000)
  to   space 87040K, 0% used [0x00000005c5700000,0x00000005c5700000,0x00000005cac00000)
 ParOldGen       total 1398272K, used 8K [0x0000000080200000, 0x00000000d5780000, 0x0000000580100000)
  object space 1398272K, 0% used [0x0000000080200000,0x0000000080202000,0x00000000d5780000)
 Metaspace       used 2793K, capacity 4564K, committed 4864K, reserved 1056768K
  class space    used 288K, capacity 388K, committed 512K, reserved 1048576K
Event: 21.870 GC heap after
Heap after GC invocations=2 (full 0):
 PSYoungGen      total 1136640K, used 12571K [0x0000000580100000, 0x00000005cac00000, 0x0000000800000000)
  eden space 1049600K, 0% used [0x0000000580100000,0x0000000580100000,0x00000005c0200000)
  from space 87040K, 14% used [0x00000005c5700000,0x00000005c6346f48,0x00000005cac00000)
  to   space 87040K, 0% used [0x00000005c0200000,0x00000005c0200000,0x00000005c5700000)
 ParOldGen       total 1398272K, used 16K [0x0000000080200000, 0x00000000d5780000, 0x0000000580100000)
  object space 1398272K, 0% used [0x0000000080200000,0x0000000080204000,0x00000000d5780000)
 Metaspace       used 2793K, capacity 4564K, committed 4864K, reserved 1056768K
  class space    used 288K, capacity 388K, committed 512K, reserved 1048576K
}
Event: 60.819 GC heap before
{Heap before GC invocations=3 (full 0):
 PSYoungGen      total 1136640K, used 1062171K [0x0000000580100000, 0x00000005cac00000, 0x0000000800000000)
  eden space 1049600K, 100% used [0x0000000580100000,0x00000005c0200000,0x00000005c0200000)
  from space 87040K, 14% used [0x00000005c5700000,0x00000005c6346f48,0x00000005cac00000)
  to   space 87040K, 0% used [0x00000005c0200000,0x00000005c0200000,0x00000005c5700000)
 ParOldGen       total 1398272K, used 16K [0x0000000080200000, 0x00000000d5780000, 0x0000000580100000)
  object space 1398272K, 0% used [0x0000000080200000,0x0000000080204000,0x00000000d5780000)
 Metaspace       used 2793K, capacity 4564K, committed 4864K, reserved 1056768K
  class space    used 288K, capacity 388K, committed 512K, reserved 1048576K
Event: 61.022 GC heap after
Heap after GC invocations=3 (full 0):
 PSYoungGen      total 1136640K, used 12587K [0x0000000580100000, 0x000000060ad00000, 0x0000000800000000)
  eden space 1049600K, 0% used [0x0000000580100000,0x0000000580100000,0x00000005c0200000)
  from space 87040K, 14% used [0x00000005c0200000,0x00000005c0e4af58,0x00000005c5700000)
  to   space 87040K, 0% used [0x0000000605800000,0x0000000605800000,0x000000060ad00000)
 ParOldGen       total 1398272K, used 16K [0x0000000080200000, 0x00000000d5780000, 0x0000000580100000)
  object space 1398272K, 0% used [0x0000000080200000,0x0000000080204000,0x00000000d5780000)
 Metaspace       used 2793K, capacity 4564K, committed 4864K, reserved 1056768K
  class space    used 288K, capacity 388K, committed 512K, reserved 1048576K
}
Event: 77.184 GC heap before
{Heap before GC invocations=4 (full 0):
 PSYoungGen      total 1136640K, used 1062187K [0x0000000580100000, 0x000000060ad00000, 0x0000000800000000)
  eden space 1049600K, 100% used [0x0000000580100000,0x00000005c0200000,0x00000005c0200000)
  from space 87040K, 14% used [0x00000005c0200000,0x00000005c0e4af58,0x00000005c5700000)
  to   space 87040K, 0% used [0x0000000605800000,0x0000000605800000,0x000000060ad00000)
 ParOldGen       total 1398272K, used 16K [0x0000000080200000, 0x00000000d5780000, 0x0000000580100000)
  object space 1398272K, 0% used [0x0000000080200000,0x0000000080204000,0x00000000d5780000)
 Metaspace       used 2793K, capacity 4564K, committed 4864K, reserved 1056768K
  class space    used 288K, capacity 388K, committed 512K, reserved 1048576K
Event: 77.226 GC heap after
Heap after GC invocations=4 (full 0):
 PSYoungGen      total 1061888K, used 12283K [0x0000000580100000, 0x0000000606400000, 0x0000000800000000)
  eden space 1049600K, 0% used [0x0000000580100000,0x0000000580100000,0x00000005c0200000)
  from space 12288K, 99% used [0x0000000605800000,0x00000006063fef48,0x0000000606400000)
  to   space 87040K, 0% used [0x00000005fba00000,0x00000005fba00000,0x0000000600f00000)
 ParOldGen       total 1398272K, used 16K [0x0000000080200000, 0x00000000d5780000, 0x0000000580100000)
  object space 1398272K, 0% used [0x0000000080200000,0x0000000080204000,0x00000000d5780000)
 Metaspace       used 2793K, capacity 4564K, committed 4864K, reserved 1056768K
  class space    used 288K, capacity 388K, committed 512K, reserved 1048576K
}
Event: 96.110 GC heap before
{Heap before GC invocations=5 (full 0):
 PSYoungGen      total 1061888K, used 1061883K [0x0000000580100000, 0x0000000606400000, 0x0000000800000000)
  eden space 1049600K, 100% used [0x0000000580100000,0x00000005c0200000,0x00000005c0200000)
  from space 12288K, 99% used [0x0000000605800000,0x00000006063fef48,0x0000000606400000)
  to   space 87040K, 0% used [0x00000005fba00000,0x00000005fba00000,0x0000000600f00000)
 ParOldGen       total 1398272K, used 16K [0x0000000080200000, 0x00000000d5780000, 0x0000000580100000)
  object space 1398272K, 0% used [0x0000000080200000,0x0000000080204000,0x00000000d5780000)
 Metaspace       used 2793K, capacity 4564K, committed 4864K, reserved 1056768K
  class space    used 288K, capacity 388K, committed 512K, reserved 1048576K
Event: 96.917 GC heap after
Heap after GC invocations=5 (full 0):
 PSYoungGen      total 2111488K, used 12971K [0x0000000580100000, 0x0000000605880000, 0x0000000800000000)
  eden space 2024448K, 0% used [0x0000000580100000,0x0000000580100000,0x00000005fba00000)
  from space 87040K, 14% used [0x00000005fba00000,0x00000005fc6aae28,0x0000000600f00000)
  to   space 13312K, 0% used [0x0000000604b80000,0x0000000604b80000,0x0000000605880000)
 ParOldGen       total 1398272K, used 24K [0x0000000080200000, 0x00000000d5780000, 0x0000000580100000)
  object space 1398272K, 0% used [0x0000000080200000,0x0000000080206000,0x00000000d5780000)
 Metaspace       used 2793K, capacity 4564K, committed 4864K, reserved 1056768K
  class space    used 288K, capacity 388K, committed 512K, reserved 1048576K
}
Event: 164.797 GC heap before
{Heap before GC invocations=6 (full 0):
 PSYoungGen      total 2111488K, used 2037419K [0x0000000580100000, 0x0000000605880000, 0x0000000800000000)
  eden space 2024448K, 100% used [0x0000000580100000,0x00000005fba00000,0x00000005fba00000)
  from space 87040K, 14% used [0x00000005fba00000,0x00000005fc6aae28,0x0000000600f00000)
  to   space 13312K, 0% used [0x0000000604b80000,0x0000000604b80000,0x0000000605880000)
 ParOldGen       total 1398272K, used 24K [0x0000000080200000, 0x00000000d5780000, 0x0000000580100000)
  object space 1398272K, 0% used [0x0000000080200000,0x0000000080206000,0x00000000d5780000)
 Metaspace       used 2793K, capacity 4564K, committed 4864K, reserved 1056768K
  class space    used 288K, capacity 388K, committed 512K, reserved 1048576K

