# JRE version: OpenJDK Runtime Environment (8.0_91-b14) (build 1.8.0_91-8u91-b14-3ubuntu1~16.04.1-b14)
# Java VM: OpenJDK 64-Bit Server VM (25.91-b14 mixed mode linux-amd64 compressed oops)
Heap:
 PSYoungGen      total 2122240K, used 64K [0x0000000580100000, 0x0000000603000000, 0x0000000800000000)
  eden space 2099200K, 0% used [0x0000000580100000,0x0000000580100000,0x0000000600300000)
  from space 23040K, 0% used [0x0000000600300000,0x0000000600310000,0x0000000601980000)
  to   space 23040K, 0% used [0x0000000601980000,0x0000000601980000,0x0000000603000000)
 ParOldGen       total 1398272K, used 22335K [0x0000000080200000, 0x00000000d5780000, 0x0000000580100000)
  object space 1398272K, 1% used [0x0000000080200000,0x00000000817cffd0,0x00000000d5780000)
 Metaspace       used 2794K, capacity 4564K, committed 4864K, reserved 1056768K
  class space    used 288K, capacity 388K, committed 512K, reserved 1048576K
GC Heap History (10 events):
Event: 42.661 GC heap after
Heap after GC invocations=2 (full 0):
 PSYoungGen      total 611840K, used 22583K [0x0000000580100000, 0x00000005cac00000, 0x0000000800000000)
  eden space 524800K, 0% used [0x0000000580100000,0x0000000580100000,0x00000005a0180000)
  from space 87040K, 25% used [0x00000005a5680000,0x00000005a6c8dc30,0x00000005aab80000)
  to   space 87040K, 0% used [0x00000005a0180000,0x00000005a0180000,0x00000005a5680000)
 ParOldGen       total 1398272K, used 16K [0x0000000080200000, 0x00000000d5780000, 0x0000000580100000)
  object space 1398272K, 0% used [0x0000000080200000,0x0000000080204000,0x00000000d5780000)
 Metaspace       used 2794K, capacity 4564K, committed 4864K, reserved 1056768K
  class space    used 288K, capacity 388K, committed 512K, reserved 1048576K
}
Event: 50.349 GC heap before
{Heap before GC invocations=3 (full 0):
 PSYoungGen      total 611840K, used 547383K [0x0000000580100000, 0x00000005cac00000, 0x0000000800000000)
  eden space 524800K, 100% used [0x0000000580100000,0x00000005a0180000,0x00000005a0180000)
  from space 87040K, 25% used [0x00000005a5680000,0x00000005a6c8dc30,0x00000005aab80000)
  to   space 87040K, 0% used [0x00000005a0180000,0x00000005a0180000,0x00000005a5680000)
 ParOldGen       total 1398272K, used 16K [0x0000000080200000, 0x00000000d5780000, 0x0000000580100000)
  object space 1398272K, 0% used [0x0000000080200000,0x0000000080204000,0x00000000d5780000)
 Metaspace       used 2794K, capacity 4564K, committed 4864K, reserved 1056768K
  class space    used 288K, capacity 388K, committed 512K, reserved 1048576K
Event: 50.385 GC heap after
Heap after GC invocations=3 (full 0):
 PSYoungGen      total 611840K, used 21975K [0x0000000580100000, 0x00000005cac00000, 0x0000000800000000)
  eden space 524800K, 0% used [0x0000000580100000,0x0000000580100000,0x00000005a0180000)
  from space 87040K, 25% used [0x00000005a0180000,0x00000005a16f5c50,0x00000005a5680000)
  to   space 87040K, 0% used [0x00000005c5700000,0x00000005c5700000,0x00000005cac00000)
 ParOldGen       total 1398272K, used 16K [0x0000000080200000, 0x00000000d5780000, 0x0000000580100000)
  object space 1398272K, 0% used [0x0000000080200000,0x0000000080204000,0x00000000d5780000)
 Metaspace       used 2794K, capacity 4564K, committed 4864K, reserved 1056768K
  class space    used 288K, capacity 388K, committed 512K, reserved 1048576K
}
Event: 72.886 GC heap before
{Heap before GC invocations=4 (full 0):
 PSYoungGen      total 611840K, used 546775K [0x0000000580100000, 0x00000005cac00000, 0x0000000800000000)
  eden space 524800K, 100% used [0x0000000580100000,0x00000005a0180000,0x00000005a0180000)
  from space 87040K, 25% used [0x00000005a0180000,0x00000005a16f5c50,0x00000005a5680000)
  to   space 87040K, 0% used [0x00000005c5700000,0x00000005c5700000,0x00000005cac00000)
 ParOldGen       total 1398272K, used 16K [0x0000000080200000, 0x00000000d5780000, 0x0000000580100000)
  object space 1398272K, 0% used [0x0000000080200000,0x0000000080204000,0x00000000d5780000)
 Metaspace       used 2794K, capacity 4564K, committed 4864K, reserved 1056768K
  class space    used 288K, capacity 388K, committed 512K, reserved 1048576K
Event: 73.036 GC heap after
Heap after GC invocations=4 (full 0):
 PSYoungGen      total 1136640K, used 21975K [0x0000000580100000, 0x00000005cac00000, 0x0000000800000000)
  eden space 1049600K, 0% used [0x0000000580100000,0x0000000580100000,0x00000005c0200000)
  from space 87040K, 25% used [0x00000005c5700000,0x00000005c6c75c50,0x00000005cac00000)
  to   space 87040K, 0% used [0x00000005c0200000,0x00000005c0200000,0x00000005c5700000)
 ParOldGen       total 1398272K, used 16K [0x0000000080200000, 0x00000000d5780000, 0x0000000580100000)
  object space 1398272K, 0% used [0x0000000080200000,0x0000000080204000,0x00000000d5780000)
 Metaspace       used 2794K, capacity 4564K, committed 4864K, reserved 1056768K
  class space    used 288K, capacity 388K, committed 512K, reserved 1048576K
}
Event: 87.154 GC heap before
{Heap before GC invocations=5 (full 0):
 PSYoungGen      total 1136640K, used 1071575K [0x0000000580100000, 0x00000005cac00000, 0x0000000800000000)
  eden space 1049600K, 100% used [0x0000000580100000,0x00000005c0200000,0x00000005c0200000)
  from space 87040K, 25% used [0x00000005c5700000,0x00000005c6c75c50,0x00000005cac00000)
  to   space 87040K, 0% used [0x00000005c0200000,0x00000005c0200000,0x00000005c5700000)
 ParOldGen       total 1398272K, used 16K [0x0000000080200000, 0x00000000d5780000, 0x0000000580100000)
  object space 1398272K, 0% used [0x0000000080200000,0x0000000080204000,0x00000000d5780000)
 Metaspace       used 2794K, capacity 4564K, committed 4864K, reserved 1056768K
  class space    used 288K, capacity 388K, committed 512K, reserved 1048576K
Event: 87.250 GC heap after
Heap after GC invocations=5 (full 0):
 PSYoungGen      total 1136640K, used 22055K [0x0000000580100000, 0x0000000603000000, 0x0000000800000000)
  eden space 1049600K, 0% used [0x0000000580100000,0x0000000580100000,0x00000005c0200000)
  from space 87040K, 25% used [0x00000005c0200000,0x00000005c1789c40,0x00000005c5700000)
  to   space 23040K, 0% used [0x0000000601980000,0x0000000601980000,0x0000000603000000)
 ParOldGen       total 1398272K, used 16K [0x0000000080200000, 0x00000000d5780000, 0x0000000580100000)
  object space 1398272K, 0% used [0x0000000080200000,0x0000000080204000,0x00000000d5780000)
 Metaspace       used 2794K, capacity 4564K, committed 4864K, reserved 1056768K
  class space    used 288K, capacity 388K, committed 512K, reserved 1048576K
}
Event: 99.696 GC heap before
{Heap before GC invocations=6 (full 0):
 PSYoungGen      total 1136640K, used 1071655K [0x0000000580100000, 0x0000000603000000, 0x0000000800000000)
  eden space 1049600K, 100% used [0x0000000580100000,0x00000005c0200000,0x00000005c0200000)
  from space 87040K, 25% used [0x00000005c0200000,0x00000005c1789c40,0x00000005c5700000)
  to   space 23040K, 0% used [0x0000000601980000,0x0000000601980000,0x0000000603000000)
 ParOldGen       total 1398272K, used 16K [0x0000000080200000, 0x00000000d5780000, 0x0000000580100000)
  object space 1398272K, 0% used [0x0000000080200000,0x0000000080204000,0x00000000d5780000)
 Metaspace       used 2794K, capacity 4564K, committed 4864K, reserved 1056768K
  class space    used 288K, capacity 388K, committed 512K, reserved 1048576K
Event: 100.096 GC heap after
Heap after GC invocations=6 (full 0):
 PSYoungGen      total 2122240K, used 22631K [0x0000000580100000, 0x0000000603000000, 0x0000000800000000)
  eden space 2099200K, 0% used [0x0000000580100000,0x0000000580100000,0x0000000600300000)
  from space 23040K, 98% used [0x0000000601980000,0x0000000602f99c60,0x0000000603000000)
  to   space 23040K, 0% used [0x0000000600300000,0x0000000600300000,0x0000000601980000)
 ParOldGen       total 1398272K, used 16K [0x0000000080200000, 0x00000000d5780000, 0x0000000580100000)
  object space 1398272K, 0% used [0x0000000080200000,0x0000000080204000,0x00000000d5780000)
 Metaspace       used 2794K, capacity 4564K, committed 4864K, reserved 1056768K
  class space    used 288K, capacity 388K, committed 512K, reserved 1048576K
}
Event: 145.414 GC heap before
{Heap before GC invocations=7 (full 0):
 PSYoungGen      total 2122240K, used 2121831K [0x0000000580100000, 0x0000000603000000, 0x0000000800000000)
  eden space 2099200K, 100% used [0x0000000580100000,0x0000000600300000,0x0000000600300000)
  from space 23040K, 98% used [0x0000000601980000,0x0000000602f99c60,0x0000000603000000)
  to   space 23040K, 0% used [0x0000000600300000,0x0000000600300000,0x0000000601980000)
 ParOldGen       total 1398272K, used 16K [0x0000000080200000, 0x00000000d5780000, 0x0000000580100000)
  object space 1398272K, 0% used [0x0000000080200000,0x0000000080204000,0x00000000d5780000)
 Metaspace       used 2794K, capacity 4564K, committed 4864K, reserved 1056768K
  class space    used 288K, capacity 388K, committed 512K, reserved 1048576K

